<?xml version="1.0" encoding="utf-8"?><testsuites name="pytest tests"><testsuite name="pytest" errors="0" failures="3" skipped="0" tests="48" time="8.426" timestamp="2026-04-27T22:51:39.047943+00:00" hostname="agent-env-38a6572f-9b3c-4826-8c13-e6bc28fa08cb"><testcase classname="backend.tests.test_auth.TestAuthLogin" name="test_login_success" time="0.481" /><testcase classname="backend.tests.test_auth.TestAuthLogin" name="test_login_wrong_password" time="0.341" /><testcase classname="backend.tests.test_auth.TestAuthLogin" name="test_login_nonexistent_email" time="0.117" /><testcase classname="backend.tests.test_auth.TestAuthLogin" name="test_login_case_insensitive_email" time="0.333" /><testcase classname="backend.tests.test_auth.TestAuthLogin" name="test_login_sets_httponly_cookie" time="0.327" /><testcase classname="backend.tests.test_auth.TestAuthMe" name="test_me_without_token" time="0.108" /><testcase classname="backend.tests.test_auth.TestAuthMe" name="test_me_with_bearer" time="0.504" /><testcase classname="backend.tests.test_auth.TestAuthMe" name="test_me_with_invalid_token" time="0.154" /><testcase classname="backend.tests.test_auth.TestAuthMe" name="test_me_via_cookie" time="0.378" /><testcase classname="backend.tests.test_auth.TestAuthLogout" name="test_logout_ok_and_clears_cookie" time="0.539" /><testcase classname="backend.tests.test_auth.TestVehiclesAuth" name="test_get_vehicles_public" time="0.117" /><testcase classname="backend.tests.test_auth.TestVehiclesAuth" name="test_post_vehicle_without_auth" time="0.114" /><testcase classname="backend.tests.test_auth.TestVehiclesAuth" name="test_post_put_delete_vehicle_with_auth" time="0.113"><failure message="AssertionError: {&quot;detail&quot;:[{&quot;type&quot;:&quot;missing&quot;,&quot;loc&quot;:[&quot;body&quot;,&quot;trim&quot;],&quot;msg&quot;:&quot;Field required&quot;,&quot;input&quot;:{&quot;make&quot;:&quot;TEST_XenBrand&quot;,&quot;model&quot;:&quot;AuthCar&quot;,&quot;year&quot;:2024,&quot;price&quot;:12345,&quot;mileage&quot;:100,&quot;bodyType&quot;:&quot;Sedan&quot;,&quot;transmission&quot;:&quot;Automatic&quot;,&quot;fuelType&quot;:&quot;Gasoline&quot;,&quot;color&quot;:&quot;Red&quot;,&quot;images&quot;:[]},&quot;url&quot;:&quot;https://errors.pydantic.dev/2.12/v/missing&quot;},{&quot;type&quot;:&quot;missing&quot;,&quot;loc&quot;:[&quot;body&quot;,&quot;image&quot;],&quot;msg&quot;:&quot;Field required&quot;,&quot;input&quot;:{&quot;make&quot;:&quot;TEST_XenBrand&quot;,&quot;model&quot;:&quot;AuthCar&quot;,&quot;year&quot;:2024,&quot;price&quot;:12345,&quot;mileage&quot;:100,&quot;bodyType&quot;:&quot;Sedan&quot;,&quot;transmission&quot;:&quot;Automatic&quot;,&quot;fuelType&quot;:&quot;Gasoline&quot;,&quot;color&quot;:&quot;Red&quot;,&quot;images&quot;:[]},&quot;url&quot;:&quot;https://errors.pydantic.dev/2.12/v/missing&quot;},{&quot;type&quot;:&quot;missing&quot;,&quot;loc&quot;:[&quot;body&quot;,&quot;engine&quot;],&quot;msg&quot;:&quot;Field required&quot;,&quot;input&quot;:{&quot;make&quot;:&quot;TEST_XenBrand&quot;,&quot;model&quot;:&quot;AuthCar&quot;,&quot;year&quot;:2024,&quot;price&quot;:12345,&quot;mileage&quot;:100,&quot;bodyType&quot;:&quot;Sedan&quot;,&quot;transmission&quot;:&quot;Automatic&quot;,&quot;fuelType&quot;:&quot;Gasoline&quot;,&quot;color&quot;:&quot;Red&quot;,&quot;images&quot;:[]},&quot;url&quot;:&quot;https://errors.pydantic.dev/2.12/v/missing&quot;},{&quot;type&quot;:&quot;missing&quot;,&quot;loc&quot;:[&quot;body&quot;,&quot;drivetrain&quot;],&quot;msg&quot;:&quot;Field required&quot;,&quot;input&quot;:{&quot;make&quot;:&quot;TEST_XenBrand&quot;,&quot;model&quot;:&quot;AuthCar&quot;,&quot;year&quot;:2024,&quot;price&quot;:12345,&quot;mileage&quot;:100,&quot;bodyType&quot;:&quot;Sedan&quot;,&quot;transmission&quot;:&quot;Automatic&quot;,&quot;fuelType&quot;:&quot;Gasoline&quot;,&quot;color&quot;:&quot;Red&quot;,&quot;images&quot;:[]},&quot;url&quot;:&quot;https://errors.pydantic.dev/2.12/v/missing&quot;},{&quot;type&quot;:&quot;missing&quot;,&quot;loc&quot;:[&quot;body&quot;,&quot;exteriorColor&quot;],&quot;msg&quot;:&quot;Field required&quot;,&quot;input&quot;:{&quot;make&quot;:&quot;TEST_XenBrand&quot;,&quot;model&quot;:&quot;AuthCar&quot;,&quot;year&quot;:2024,&quot;price&quot;:12345,&quot;mileage&quot;:100,&quot;bodyType&quot;:&quot;Sedan&quot;,&quot;transmission&quot;:&quot;Automatic&quot;,&quot;fuelType&quot;:&quot;Gasoline&quot;,&quot;color&quot;:&quot;Red&quot;,&quot;images&quot;:[]},&quot;url&quot;:&quot;https://errors.pydantic.dev/2.12/v/missing&quot;}]}&#10;assert 422 == 200&#10; +  where 422 = &lt;Response [422]&gt;.status_code">backend/tests/test_auth.py:140: in test_post_put_delete_vehicle_with_auth
    assert rp.status_code == 200, rp.text
E   AssertionError: {"detail":[{"type":"missing","loc":["body","trim"],"msg":"Field required","input":{"make":"TEST_XenBrand","model":"AuthCar","year":2024,"price":12345,"mileage":100,"bodyType":"Sedan","transmission":"Automatic","fuelType":"Gasoline","color":"Red","images":[]},"url":"https://errors.pydantic.dev/2.12/v/missing"},{"type":"missing","loc":["body","image"],"msg":"Field required","input":{"make":"TEST_XenBrand","model":"AuthCar","year":2024,"price":12345,"mileage":100,"bodyType":"Sedan","transmission":"Automatic","fuelType":"Gasoline","color":"Red","images":[]},"url":"https://errors.pydantic.dev/2.12/v/missing"},{"type":"missing","loc":["body","engine"],"msg":"Field required","input":{"make":"TEST_XenBrand","model":"AuthCar","year":2024,"price":12345,"mileage":100,"bodyType":"Sedan","transmission":"Automatic","fuelType":"Gasoline","color":"Red","images":[]},"url":"https://errors.pydantic.dev/2.12/v/missing"},{"type":"missing","loc":["body","drivetrain"],"msg":"Field required","input":{"make":"TEST_XenBrand","model":"AuthCar","year":2024,"price":12345,"mileage":100,"bodyType":"Sedan","transmission":"Automatic","fuelType":"Gasoline","color":"Red","images":[]},"url":"https://errors.pydantic.dev/2.12/v/missing"},{"type":"missing","loc":["body","exteriorColor"],"msg":"Field required","input":{"make":"TEST_XenBrand","model":"AuthCar","year":2024,"price":12345,"mileage":100,"bodyType":"Sedan","transmission":"Automatic","fuelType":"Gasoline","color":"Red","images":[]},"url":"https://errors.pydantic.dev/2.12/v/missing"}]}
E   assert 422 == 200
E    +  where 422 = &lt;Response [422]&gt;.status_code</failure></testcase><testcase classname="backend.tests.test_auth.TestAdminSubmissionsAuth" name="test_list_requires_auth[contacts]" time="0.116" /><testcase classname="backend.tests.test_auth.TestAdminSubmissionsAuth" name="test_list_requires_auth[finance_applications]" time="0.103" /><testcase classname="backend.tests.test_auth.TestAdminSubmissionsAuth" name="test_list_requires_auth[trade_ins]" time="0.101" /><testcase classname="backend.tests.test_auth.TestAdminSubmissionsAuth" name="test_list_requires_auth[glass_repairs]" time="0.121" /><testcase classname="backend.tests.test_auth.TestAdminSubmissionsAuth" name="test_list_requires_auth[service_requests]" time="0.113" /><testcase classname="backend.tests.test_auth.TestAdminSubmissionsAuth" name="test_list_requires_auth[warranty_appointments]" time="0.110" /><testcase classname="backend.tests.test_auth.TestAdminSubmissionsAuth" name="test_list_requires_auth[warranty_info_requests]" time="0.145" /><testcase classname="backend.tests.test_auth.TestAdminSubmissionsAuth" name="test_list_requires_auth[schedule_visits]" time="0.127" /><testcase classname="backend.tests.test_auth.TestAdminSubmissionsAuth" name="test_list_requires_auth[referrals]" time="0.110" /><testcase classname="backend.tests.test_auth.TestAdminSubmissionsAuth" name="test_list_with_auth[contacts]" time="0.097" /><testcase classname="backend.tests.test_auth.TestAdminSubmissionsAuth" name="test_list_with_auth[finance_applications]" time="0.114" /><testcase classname="backend.tests.test_auth.TestAdminSubmissionsAuth" name="test_list_with_auth[trade_ins]" time="0.134" /><testcase classname="backend.tests.test_auth.TestAdminSubmissionsAuth" name="test_list_with_auth[glass_repairs]" time="0.144" /><testcase classname="backend.tests.test_auth.TestAdminSubmissionsAuth" name="test_list_with_auth[service_requests]" time="0.114" /><testcase classname="backend.tests.test_auth.TestAdminSubmissionsAuth" name="test_list_with_auth[warranty_appointments]" time="0.115" /><testcase classname="backend.tests.test_auth.TestAdminSubmissionsAuth" name="test_list_with_auth[warranty_info_requests]" time="0.124" /><testcase classname="backend.tests.test_auth.TestAdminSubmissionsAuth" name="test_list_with_auth[schedule_visits]" time="0.122" /><testcase classname="backend.tests.test_auth.TestAdminSubmissionsAuth" name="test_list_with_auth[referrals]" time="0.112" /><testcase classname="backend.tests.test_auth.TestAdminSubmissionsAuth" name="test_counts_with_auth[contacts]" time="0.108" /><testcase classname="backend.tests.test_auth.TestAdminSubmissionsAuth" name="test_counts_with_auth[finance_applications]" time="0.115" /><testcase classname="backend.tests.test_auth.TestAdminSubmissionsAuth" name="test_counts_with_auth[trade_ins]" time="0.113" /><testcase classname="backend.tests.test_auth.TestAdminSubmissionsAuth" name="test_counts_with_auth[glass_repairs]" time="0.116" /><testcase classname="backend.tests.test_auth.TestAdminSubmissionsAuth" name="test_counts_with_auth[service_requests]" time="0.104" /><testcase classname="backend.tests.test_auth.TestAdminSubmissionsAuth" name="test_counts_with_auth[warranty_appointments]" time="0.118" /><testcase classname="backend.tests.test_auth.TestAdminSubmissionsAuth" name="test_counts_with_auth[warranty_info_requests]" time="0.113" /><testcase classname="backend.tests.test_auth.TestAdminSubmissionsAuth" name="test_counts_with_auth[schedule_visits]" time="0.129" /><testcase classname="backend.tests.test_auth.TestAdminSubmissionsAuth" name="test_counts_with_auth[referrals]" time="0.160" /><testcase classname="backend.tests.test_auth.TestAdminSubmissionsAuth" name="test_counts_without_auth" time="0.111" /><testcase classname="backend.tests.test_auth.TestAdminSubmissionsAuth" name="test_patch_and_delete_require_auth" time="0.104"><failure message="assert 422 == 200&#10; +  where 422 = &lt;Response [422]&gt;.status_code">backend/tests/test_auth.py:200: in test_patch_and_delete_require_auth
    assert c.status_code == 200
E   assert 422 == 200
E    +  where 422 = &lt;Response [422]&gt;.status_code</failure></testcase><testcase classname="backend.tests.test_auth.TestPublicFormsStillPublic" name="test_contacts_public" time="0.116"><failure message="assert 422 == 200&#10; +  where 422 = &lt;Response [422]&gt;.status_code">backend/tests/test_auth.py:228: in test_contacts_public
    assert r.status_code == 200
E   assert 422 == 200
E    +  where 422 = &lt;Response [422]&gt;.status_code</failure></testcase><testcase classname="backend.tests.test_auth.TestPublicFormsStillPublic" name="test_finance_applications_public" time="0.118" /><testcase classname="backend.tests.test_auth.TestPublicFormsStillPublic" name="test_service_requests_public" time="0.110" /><testcase classname="backend.tests.test_auth.TestRegression" name="test_health" time="0.114" /><testcase classname="backend.tests.test_auth.TestRegression" name="test_stats_public" time="0.124" /><testcase classname="backend.tests.test_auth.TestRegression" name="test_admin_seed_idempotent" time="0.662" /></testsuite></testsuites>