<?xml version="1.0" encoding="utf-8"?><testsuites name="pytest tests"><testsuite name="pytest" errors="0" failures="26" skipped="0" tests="114" time="29.156" timestamp="2026-04-28T00:39:27.500970+00:00" hostname="agent-env-38a6572f-9b3c-4826-8c13-e6bc28fa08cb"><testcase classname="backend.tests.backend_test" name="test_health" time="0.167" /><testcase classname="backend.tests.backend_test" name="test_stats" time="0.075" /><testcase classname="backend.tests.backend_test" name="test_get_vehicles_seeded" time="0.052" /><testcase classname="backend.tests.backend_test" name="test_create_contact_and_list" time="0.104" /><testcase classname="backend.tests.backend_test" name="test_create_finance_application" time="0.146" /><testcase classname="backend.tests.backend_test" name="test_create_trade_in_multipart" time="0.113" /><testcase classname="backend.tests.backend_test" name="test_create_glass_repair_multipart" time="0.112" /><testcase classname="backend.tests.backend_test" name="test_simple_contact_requests[service-requests-service]" time="0.129" /><testcase classname="backend.tests.backend_test" name="test_simple_contact_requests[parts-requests-parts]" time="0.108" /><testcase classname="backend.tests.backend_test" name="test_simple_contact_requests[body-shop-requests-body]" time="0.106" /><testcase classname="backend.tests.backend_test" name="test_warranty_appointment" time="0.127" /><testcase classname="backend.tests.backend_test" name="test_warranty_info" time="0.061" /><testcase classname="backend.tests.backend_test" name="test_schedule_visit" time="0.064" /><testcase classname="backend.tests.backend_test" name="test_referral" time="0.056" /><testcase classname="backend.tests.backend_test" name="test_no_objectid_leak" time="0.586" /><testcase classname="backend.tests.test_admin_submissions" name="test_counts_all_kinds[contacts]" time="0.127"><failure message="AssertionError: {&quot;detail&quot;:&quot;Not authenticated&quot;}&#10;assert 401 == 200&#10; +  where 401 = &lt;Response [401]&gt;.status_code">E   AssertionError: {"detail":"Not authenticated"}
    assert 401 == 200
     +  where 401 = &lt;Response [401]&gt;.status_code</failure></testcase><testcase classname="backend.tests.test_admin_submissions" name="test_counts_all_kinds[finance_applications]" time="0.050"><failure message="AssertionError: {&quot;detail&quot;:&quot;Not authenticated&quot;}&#10;assert 401 == 200&#10; +  where 401 = &lt;Response [401]&gt;.status_code">E   AssertionError: {"detail":"Not authenticated"}
    assert 401 == 200
     +  where 401 = &lt;Response [401]&gt;.status_code</failure></testcase><testcase classname="backend.tests.test_admin_submissions" name="test_counts_all_kinds[trade_ins]" time="0.052"><failure message="AssertionError: {&quot;detail&quot;:&quot;Not authenticated&quot;}&#10;assert 401 == 200&#10; +  where 401 = &lt;Response [401]&gt;.status_code">E   AssertionError: {"detail":"Not authenticated"}
    assert 401 == 200
     +  where 401 = &lt;Response [401]&gt;.status_code</failure></testcase><testcase classname="backend.tests.test_admin_submissions" name="test_counts_all_kinds[glass_repairs]" time="0.050"><failure message="AssertionError: {&quot;detail&quot;:&quot;Not authenticated&quot;}&#10;assert 401 == 200&#10; +  where 401 = &lt;Response [401]&gt;.status_code">E   AssertionError: {"detail":"Not authenticated"}
    assert 401 == 200
     +  where 401 = &lt;Response [401]&gt;.status_code</failure></testcase><testcase classname="backend.tests.test_admin_submissions" name="test_counts_all_kinds[service_requests]" time="0.055"><failure message="AssertionError: {&quot;detail&quot;:&quot;Not authenticated&quot;}&#10;assert 401 == 200&#10; +  where 401 = &lt;Response [401]&gt;.status_code">E   AssertionError: {"detail":"Not authenticated"}
    assert 401 == 200
     +  where 401 = &lt;Response [401]&gt;.status_code</failure></testcase><testcase classname="backend.tests.test_admin_submissions" name="test_counts_all_kinds[warranty_appointments]" time="0.051"><failure message="AssertionError: {&quot;detail&quot;:&quot;Not authenticated&quot;}&#10;assert 401 == 200&#10; +  where 401 = &lt;Response [401]&gt;.status_code">E   AssertionError: {"detail":"Not authenticated"}
    assert 401 == 200
     +  where 401 = &lt;Response [401]&gt;.status_code</failure></testcase><testcase classname="backend.tests.test_admin_submissions" name="test_counts_all_kinds[warranty_info_requests]" time="0.052"><failure message="AssertionError: {&quot;detail&quot;:&quot;Not authenticated&quot;}&#10;assert 401 == 200&#10; +  where 401 = &lt;Response [401]&gt;.status_code">E   AssertionError: {"detail":"Not authenticated"}
    assert 401 == 200
     +  where 401 = &lt;Response [401]&gt;.status_code</failure></testcase><testcase classname="backend.tests.test_admin_submissions" name="test_counts_all_kinds[schedule_visits]" time="0.048"><failure message="AssertionError: {&quot;detail&quot;:&quot;Not authenticated&quot;}&#10;assert 401 == 200&#10; +  where 401 = &lt;Response [401]&gt;.status_code">E   AssertionError: {"detail":"Not authenticated"}
    assert 401 == 200
     +  where 401 = &lt;Response [401]&gt;.status_code</failure></testcase><testcase classname="backend.tests.test_admin_submissions" name="test_counts_all_kinds[referrals]" time="0.055"><failure message="AssertionError: {&quot;detail&quot;:&quot;Not authenticated&quot;}&#10;assert 401 == 200&#10; +  where 401 = &lt;Response [401]&gt;.status_code">E   AssertionError: {"detail":"Not authenticated"}
    assert 401 == 200
     +  where 401 = &lt;Response [401]&gt;.status_code</failure></testcase><testcase classname="backend.tests.test_admin_submissions" name="test_counts_unknown_kind" time="0.056"><failure message="assert 401 == 404&#10; +  where 401 = &lt;Response [401]&gt;.status_code">E   assert 401 == 404
     +  where 401 = &lt;Response [401]&gt;.status_code</failure></testcase><testcase classname="backend.tests.test_admin_submissions" name="test_list_contacts_sorted_desc" time="0.648"><failure message="assert 401 == 200&#10; +  where 401 = &lt;Response [401]&gt;.status_code">E   assert 401 == 200
     +  where 401 = &lt;Response [401]&gt;.status_code</failure></testcase><testcase classname="backend.tests.test_admin_submissions" name="test_list_search_query" time="0.102"><failure message="assert 401 == 200&#10; +  where 401 = &lt;Response [401]&gt;.status_code">E   assert 401 == 200
     +  where 401 = &lt;Response [401]&gt;.status_code</failure></testcase><testcase classname="backend.tests.test_admin_submissions" name="test_list_read_false_filter" time="0.097"><failure message="assert 401 == 200&#10; +  where 401 = &lt;Response [401]&gt;.status_code">E   assert 401 == 200
     +  where 401 = &lt;Response [401]&gt;.status_code</failure></testcase><testcase classname="backend.tests.test_admin_submissions" name="test_list_archived_true_filter" time="0.131"><failure message="AssertionError: {&quot;detail&quot;:&quot;Not authenticated&quot;}&#10;assert 401 == 200&#10; +  where 401 = &lt;Response [401]&gt;.status_code">E   AssertionError: {"detail":"Not authenticated"}
    assert 401 == 200
     +  where 401 = &lt;Response [401]&gt;.status_code</failure></testcase><testcase classname="backend.tests.test_admin_submissions" name="test_date_range_filter" time="0.049"><failure message="assert 401 == 200&#10; +  where 401 = &lt;Response [401]&gt;.status_code">E   assert 401 == 200
     +  where 401 = &lt;Response [401]&gt;.status_code</failure></testcase><testcase classname="backend.tests.test_admin_submissions" name="test_invalid_date_format" time="0.048"><failure message="assert 401 == 400&#10; +  where 401 = &lt;Response [401]&gt;.status_code">E   assert 401 == 400
     +  where 401 = &lt;Response [401]&gt;.status_code</failure></testcase><testcase classname="backend.tests.test_admin_submissions" name="test_trade_in_detail_keeps_base64" time="0.104"><failure message="assert 401 == 200&#10; +  where 401 = &lt;Response [401]&gt;.status_code">E   assert 401 == 200
     +  where 401 = &lt;Response [401]&gt;.status_code</failure></testcase><testcase classname="backend.tests.test_admin_submissions" name="test_detail_unknown_id_404" time="0.048"><failure message="assert 401 == 404&#10; +  where 401 = &lt;Response [401]&gt;.status_code">E   assert 401 == 404
     +  where 401 = &lt;Response [401]&gt;.status_code</failure></testcase><testcase classname="backend.tests.test_admin_submissions" name="test_patch_mark_read" time="0.124"><failure message="assert 401 == 200&#10; +  where 401 = &lt;Response [401]&gt;.status_code">E   assert 401 == 200
     +  where 401 = &lt;Response [401]&gt;.status_code</failure></testcase><testcase classname="backend.tests.test_admin_submissions" name="test_patch_no_fields_returns_400" time="0.118"><failure message="assert 401 == 400&#10; +  where 401 = &lt;Response [401]&gt;.status_code">E   assert 401 == 400
     +  where 401 = &lt;Response [401]&gt;.status_code</failure></testcase><testcase classname="backend.tests.test_admin_submissions" name="test_patch_unknown_id_returns_404" time="0.050"><failure message="assert 401 == 404&#10; +  where 401 = &lt;Response [401]&gt;.status_code">E   assert 401 == 404
     +  where 401 = &lt;Response [401]&gt;.status_code</failure></testcase><testcase classname="backend.tests.test_admin_submissions" name="test_delete_submission" time="0.094"><failure message="assert 401 == 200&#10; +  where 401 = &lt;Response [401]&gt;.status_code">E   assert 401 == 200
     +  where 401 = &lt;Response [401]&gt;.status_code</failure></testcase><testcase classname="backend.tests.test_admin_submissions" name="test_delete_unknown_returns_404" time="0.058"><failure message="assert 401 == 404&#10; +  where 401 = &lt;Response [401]&gt;.status_code">E   assert 401 == 404
     +  where 401 = &lt;Response [401]&gt;.status_code</failure></testcase><testcase classname="backend.tests.test_admin_submissions" name="test_unknown_kind_list_404" time="0.054"><failure message="assert 401 == 404&#10; +  where 401 = &lt;Response [401]&gt;.status_code">E   assert 401 == 404
     +  where 401 = &lt;Response [401]&gt;.status_code</failure></testcase><testcase classname="backend.tests.test_admin_submissions" name="test_email_dispatch_log_on_contact" time="6.079" /><testcase classname="backend.tests.test_auth.TestAuthLogin" name="test_login_success" time="0.357" /><testcase classname="backend.tests.test_auth.TestAuthLogin" name="test_login_wrong_password" time="0.397" /><testcase classname="backend.tests.test_auth.TestAuthLogin" name="test_login_nonexistent_email" time="0.171" /><testcase classname="backend.tests.test_auth.TestAuthLogin" name="test_login_case_insensitive_email" time="0.395" /><testcase classname="backend.tests.test_auth.TestAuthLogin" name="test_login_sets_httponly_cookie" time="0.334" /><testcase classname="backend.tests.test_auth.TestAuthMe" name="test_me_without_token" time="0.121" /><testcase classname="backend.tests.test_auth.TestAuthMe" name="test_me_with_bearer" time="0.504" /><testcase classname="backend.tests.test_auth.TestAuthMe" name="test_me_with_invalid_token" time="0.121" /><testcase classname="backend.tests.test_auth.TestAuthMe" name="test_me_via_cookie" time="0.459" /><testcase classname="backend.tests.test_auth.TestAuthLogout" name="test_logout_ok_and_clears_cookie" time="0.462" /><testcase classname="backend.tests.test_auth.TestVehiclesAuth" name="test_get_vehicles_public" time="0.115" /><testcase classname="backend.tests.test_auth.TestVehiclesAuth" name="test_post_vehicle_without_auth" time="0.150" /><testcase classname="backend.tests.test_auth.TestVehiclesAuth" name="test_post_put_delete_vehicle_with_auth" time="4.566" /><testcase classname="backend.tests.test_auth.TestAdminSubmissionsAuth" name="test_list_requires_auth[contacts]" time="0.115" /><testcase classname="backend.tests.test_auth.TestAdminSubmissionsAuth" name="test_list_requires_auth[finance_applications]" time="0.115" /><testcase classname="backend.tests.test_auth.TestAdminSubmissionsAuth" name="test_list_requires_auth[trade_ins]" time="0.101" /><testcase classname="backend.tests.test_auth.TestAdminSubmissionsAuth" name="test_list_requires_auth[glass_repairs]" time="0.112" /><testcase classname="backend.tests.test_auth.TestAdminSubmissionsAuth" name="test_list_requires_auth[service_requests]" time="0.116" /><testcase classname="backend.tests.test_auth.TestAdminSubmissionsAuth" name="test_list_requires_auth[warranty_appointments]" time="0.109" /><testcase classname="backend.tests.test_auth.TestAdminSubmissionsAuth" name="test_list_requires_auth[warranty_info_requests]" time="0.137" /><testcase classname="backend.tests.test_auth.TestAdminSubmissionsAuth" name="test_list_requires_auth[schedule_visits]" time="0.120" /><testcase classname="backend.tests.test_auth.TestAdminSubmissionsAuth" name="test_list_requires_auth[referrals]" time="0.161" /><testcase classname="backend.tests.test_auth.TestAdminSubmissionsAuth" name="test_list_with_auth[contacts]" time="0.141" /><testcase classname="backend.tests.test_auth.TestAdminSubmissionsAuth" name="test_list_with_auth[finance_applications]" time="0.108" /><testcase classname="backend.tests.test_auth.TestAdminSubmissionsAuth" name="test_list_with_auth[trade_ins]" time="0.120" /><testcase classname="backend.tests.test_auth.TestAdminSubmissionsAuth" name="test_list_with_auth[glass_repairs]" time="0.137" /><testcase classname="backend.tests.test_auth.TestAdminSubmissionsAuth" name="test_list_with_auth[service_requests]" time="0.113" /><testcase classname="backend.tests.test_auth.TestAdminSubmissionsAuth" name="test_list_with_auth[warranty_appointments]" time="0.118" /><testcase classname="backend.tests.test_auth.TestAdminSubmissionsAuth" name="test_list_with_auth[warranty_info_requests]" time="0.112" /><testcase classname="backend.tests.test_auth.TestAdminSubmissionsAuth" name="test_list_with_auth[schedule_visits]" time="0.112" /><testcase classname="backend.tests.test_auth.TestAdminSubmissionsAuth" name="test_list_with_auth[referrals]" time="0.134" /><testcase classname="backend.tests.test_auth.TestAdminSubmissionsAuth" name="test_counts_with_auth[contacts]" time="0.124" /><testcase classname="backend.tests.test_auth.TestAdminSubmissionsAuth" name="test_counts_with_auth[finance_applications]" time="0.124" /><testcase classname="backend.tests.test_auth.TestAdminSubmissionsAuth" name="test_counts_with_auth[trade_ins]" time="0.117" /><testcase classname="backend.tests.test_auth.TestAdminSubmissionsAuth" name="test_counts_with_auth[glass_repairs]" time="0.112" /><testcase classname="backend.tests.test_auth.TestAdminSubmissionsAuth" name="test_counts_with_auth[service_requests]" time="0.174" /><testcase classname="backend.tests.test_auth.TestAdminSubmissionsAuth" name="test_counts_with_auth[warranty_appointments]" time="0.143" /><testcase classname="backend.tests.test_auth.TestAdminSubmissionsAuth" name="test_counts_with_auth[warranty_info_requests]" time="0.123" /><testcase classname="backend.tests.test_auth.TestAdminSubmissionsAuth" name="test_counts_with_auth[schedule_visits]" time="0.151" /><testcase classname="backend.tests.test_auth.TestAdminSubmissionsAuth" name="test_counts_with_auth[referrals]" time="0.113" /><testcase classname="backend.tests.test_auth.TestAdminSubmissionsAuth" name="test_counts_without_auth" time="0.116" /><testcase classname="backend.tests.test_auth.TestAdminSubmissionsAuth" name="test_patch_and_delete_require_auth" time="0.128"><failure message="assert 422 == 200&#10; +  where 422 = &lt;Response [422]&gt;.status_code">E   assert 422 == 200
     +  where 422 = &lt;Response [422]&gt;.status_code</failure></testcase><testcase classname="backend.tests.test_auth.TestPublicFormsStillPublic" name="test_contacts_public" time="0.208"><failure message="assert 422 == 200&#10; +  where 422 = &lt;Response [422]&gt;.status_code">E   assert 422 == 200
     +  where 422 = &lt;Response [422]&gt;.status_code</failure></testcase><testcase classname="backend.tests.test_auth.TestPublicFormsStillPublic" name="test_finance_applications_public" time="0.139" /><testcase classname="backend.tests.test_auth.TestPublicFormsStillPublic" name="test_service_requests_public" time="0.119" /><testcase classname="backend.tests.test_auth.TestRegression" name="test_health" time="0.133" /><testcase classname="backend.tests.test_auth.TestRegression" name="test_stats_public" time="0.144" /><testcase classname="backend.tests.test_auth.TestRegression" name="test_admin_seed_idempotent" time="0.657" /><testcase classname="backend.tests.test_new_submissions" name="test_purchase_request_full_multipart_with_file" time="0.153" /><testcase classname="backend.tests.test_new_submissions" name="test_purchase_request_minimum_required" time="0.111" /><testcase classname="backend.tests.test_new_submissions" name="test_purchase_request_missing_required_fails" time="0.111" /><testcase classname="backend.tests.test_new_submissions" name="test_purchase_requests_list_strips_base64" time="0.246" /><testcase classname="backend.tests.test_new_submissions" name="test_car_finder_request_full_payload" time="0.121" /><testcase classname="backend.tests.test_new_submissions" name="test_car_finder_request_minimum_required" time="0.112" /><testcase classname="backend.tests.test_new_submissions" name="test_car_finder_request_missing_required_fails" time="0.109" /><testcase classname="backend.tests.test_new_submissions" name="test_car_finder_list_returns_records" time="0.241" /><testcase classname="backend.tests.test_new_submissions" name="test_stats_includes_new_counters" time="0.119" /><testcase classname="backend.tests.test_new_submissions" name="test_admin_purchase_requests_list_strips_base64" time="0.688" /><testcase classname="backend.tests.test_new_submissions" name="test_admin_car_finder_list_and_detail" time="0.426" /><testcase classname="backend.tests.test_new_submissions" name="test_admin_patch_purchase_request_read" time="0.361" /><testcase classname="backend.tests.test_new_submissions" name="test_admin_counts_new_kinds" time="0.251" /><testcase classname="backend.tests.test_new_submissions" name="test_admin_requires_auth" time="0.251" /><testcase classname="backend.tests.test_new_submissions" name="test_existing_health_and_vehicles" time="0.232" /><testcase classname="backend.tests.test_new_submissions" name="test_existing_contact_post_still_public" time="0.122" /><testcase classname="backend.tests.test_vehicle_extended" name="test_create_vehicle_requires_auth" time="0.444" /><testcase classname="backend.tests.test_vehicle_extended" name="test_upload_create_requires_auth" time="0.111" /><testcase classname="backend.tests.test_vehicle_extended" name="test_create_vehicle_with_new_fields" time="0.116" /><testcase classname="backend.tests.test_vehicle_extended" name="test_update_vehicle_new_fields" time="0.204" /><testcase classname="backend.tests.test_vehicle_extended" name="test_get_vehicles_backwards_compat" time="0.055" /><testcase classname="backend.tests.test_vehicle_extended" name="test_create_vehicle_with_uploads" time="0.056" /><testcase classname="backend.tests.test_vehicle_extended" name="test_update_vehicle_with_uploads" time="0.122" /><testcase classname="backend.tests.test_vehicle_extended" name="test_upload_size_limit" time="0.318" /><testcase classname="backend.tests.test_vehicle_extended" name="test_upload_invalid_json" time="0.061" /><testcase classname="backend.tests.test_vehicle_extended" name="test_update_nonexistent_vehicle_upload" time="0.291" /></testsuite></testsuites>