<?xml version="1.0" encoding="utf-8"?><testsuites name="pytest tests"><testsuite name="pytest" errors="0" failures="0" skipped="0" tests="16" time="3.869" timestamp="2026-04-27T23:16:55.855535+00:00" hostname="agent-env-38a6572f-9b3c-4826-8c13-e6bc28fa08cb"><testcase classname="backend.tests.test_new_submissions" name="test_purchase_request_full_multipart_with_file" time="0.282" /><testcase classname="backend.tests.test_new_submissions" name="test_purchase_request_minimum_required" time="0.118" /><testcase classname="backend.tests.test_new_submissions" name="test_purchase_request_missing_required_fails" time="0.144" /><testcase classname="backend.tests.test_new_submissions" name="test_purchase_requests_list_strips_base64" time="0.259" /><testcase classname="backend.tests.test_new_submissions" name="test_car_finder_request_full_payload" time="0.109" /><testcase classname="backend.tests.test_new_submissions" name="test_car_finder_request_minimum_required" time="0.168" /><testcase classname="backend.tests.test_new_submissions" name="test_car_finder_request_missing_required_fails" time="0.124" /><testcase classname="backend.tests.test_new_submissions" name="test_car_finder_list_returns_records" time="0.242" /><testcase classname="backend.tests.test_new_submissions" name="test_stats_includes_new_counters" time="0.149" /><testcase classname="backend.tests.test_new_submissions" name="test_admin_purchase_requests_list_strips_base64" time="0.734" /><testcase classname="backend.tests.test_new_submissions" name="test_admin_car_finder_list_and_detail" time="0.324" /><testcase classname="backend.tests.test_new_submissions" name="test_admin_patch_purchase_request_read" time="0.354" /><testcase classname="backend.tests.test_new_submissions" name="test_admin_counts_new_kinds" time="0.205" /><testcase classname="backend.tests.test_new_submissions" name="test_admin_requires_auth" time="0.230" /><testcase classname="backend.tests.test_new_submissions" name="test_existing_health_and_vehicles" time="0.206" /><testcase classname="backend.tests.test_new_submissions" name="test_existing_contact_post_still_public" time="0.127" /></testsuite></testsuites>