<?xml version="1.0" encoding="utf-8"?><testsuites name="pytest tests"><testsuite name="pytest" errors="0" failures="0" skipped="0" tests="40" time="11.024" timestamp="2026-04-27T22:01:56.276032+00:00" hostname="agent-env-38a6572f-9b3c-4826-8c13-e6bc28fa08cb"><testcase classname="backend.tests.test_admin_submissions" name="test_counts_all_kinds[contacts]" time="0.371" /><testcase classname="backend.tests.test_admin_submissions" name="test_counts_all_kinds[finance_applications]" time="0.054" /><testcase classname="backend.tests.test_admin_submissions" name="test_counts_all_kinds[trade_ins]" time="0.056" /><testcase classname="backend.tests.test_admin_submissions" name="test_counts_all_kinds[glass_repairs]" time="0.055" /><testcase classname="backend.tests.test_admin_submissions" name="test_counts_all_kinds[service_requests]" time="0.060" /><testcase classname="backend.tests.test_admin_submissions" name="test_counts_all_kinds[warranty_appointments]" time="0.063" /><testcase classname="backend.tests.test_admin_submissions" name="test_counts_all_kinds[warranty_info_requests]" time="0.055" /><testcase classname="backend.tests.test_admin_submissions" name="test_counts_all_kinds[schedule_visits]" time="0.114" /><testcase classname="backend.tests.test_admin_submissions" name="test_counts_all_kinds[referrals]" time="0.059" /><testcase classname="backend.tests.test_admin_submissions" name="test_counts_unknown_kind" time="0.058" /><testcase classname="backend.tests.test_admin_submissions" name="test_list_contacts_sorted_desc" time="0.704" /><testcase classname="backend.tests.test_admin_submissions" name="test_list_search_query" time="0.107" /><testcase classname="backend.tests.test_admin_submissions" name="test_list_read_false_filter" time="0.112" /><testcase classname="backend.tests.test_admin_submissions" name="test_list_archived_true_filter" time="0.224" /><testcase classname="backend.tests.test_admin_submissions" name="test_date_range_filter" time="0.055" /><testcase classname="backend.tests.test_admin_submissions" name="test_invalid_date_format" time="0.097" /><testcase classname="backend.tests.test_admin_submissions" name="test_trade_in_detail_keeps_base64" time="0.178" /><testcase classname="backend.tests.test_admin_submissions" name="test_detail_unknown_id_404" time="0.055" /><testcase classname="backend.tests.test_admin_submissions" name="test_patch_mark_read" time="0.167" /><testcase classname="backend.tests.test_admin_submissions" name="test_patch_no_fields_returns_400" time="0.114" /><testcase classname="backend.tests.test_admin_submissions" name="test_patch_unknown_id_returns_404" time="0.053" /><testcase classname="backend.tests.test_admin_submissions" name="test_delete_submission" time="0.162" /><testcase classname="backend.tests.test_admin_submissions" name="test_delete_unknown_returns_404" time="0.055" /><testcase classname="backend.tests.test_admin_submissions" name="test_unknown_kind_list_404" time="0.051" /><testcase classname="backend.tests.test_admin_submissions" name="test_email_dispatch_log_on_contact" time="6.056" /><testcase classname="backend.tests.backend_test" name="test_health" time="0.165" /><testcase classname="backend.tests.backend_test" name="test_stats" time="0.053" /><testcase classname="backend.tests.backend_test" name="test_get_vehicles_seeded" time="0.052" /><testcase classname="backend.tests.backend_test" name="test_create_contact_and_list" time="0.096" /><testcase classname="backend.tests.backend_test" name="test_create_finance_application" time="0.110" /><testcase classname="backend.tests.backend_test" name="test_create_trade_in_multipart" time="0.098" /><testcase classname="backend.tests.backend_test" name="test_create_glass_repair_multipart" time="0.109" /><testcase classname="backend.tests.backend_test" name="test_simple_contact_requests[service-requests-service]" time="0.102" /><testcase classname="backend.tests.backend_test" name="test_simple_contact_requests[parts-requests-parts]" time="0.109" /><testcase classname="backend.tests.backend_test" name="test_simple_contact_requests[body-shop-requests-body]" time="0.102" /><testcase classname="backend.tests.backend_test" name="test_warranty_appointment" time="0.107" /><testcase classname="backend.tests.backend_test" name="test_warranty_info" time="0.052" /><testcase classname="backend.tests.backend_test" name="test_schedule_visit" time="0.049" /><testcase classname="backend.tests.backend_test" name="test_referral" time="0.052" /><testcase classname="backend.tests.backend_test" name="test_no_objectid_leak" time="0.530" /></testsuite></testsuites>