<?xml version="1.0" encoding="utf-8"?><testsuites name="pytest tests"><testsuite name="pytest" errors="0" failures="0" skipped="0" tests="10" time="1.995" timestamp="2026-04-27T23:50:03.882119+00:00" hostname="agent-env-38a6572f-9b3c-4826-8c13-e6bc28fa08cb"><testcase classname="backend.tests.test_vehicle_extended" name="test_create_vehicle_requires_auth" time="0.528" /><testcase classname="backend.tests.test_vehicle_extended" name="test_upload_create_requires_auth" time="0.146" /><testcase classname="backend.tests.test_vehicle_extended" name="test_create_vehicle_with_new_fields" time="0.122" /><testcase classname="backend.tests.test_vehicle_extended" name="test_update_vehicle_new_fields" time="0.194" /><testcase classname="backend.tests.test_vehicle_extended" name="test_get_vehicles_backwards_compat" time="0.062" /><testcase classname="backend.tests.test_vehicle_extended" name="test_create_vehicle_with_uploads" time="0.060" /><testcase classname="backend.tests.test_vehicle_extended" name="test_update_vehicle_with_uploads" time="0.117" /><testcase classname="backend.tests.test_vehicle_extended" name="test_upload_size_limit" time="0.302" /><testcase classname="backend.tests.test_vehicle_extended" name="test_upload_invalid_json" time="0.056" /><testcase classname="backend.tests.test_vehicle_extended" name="test_update_nonexistent_vehicle_upload" time="0.324" /></testsuite></testsuites>